<?xml version="1.0" encoding="UTF-8"?>
<testsuite name="com.example.demo.kotlintest.PersonControllerTest" tests="4" skipped="0" failures="0" errors="0" timestamp="2020-07-29T04:46:08" hostname="keullaeseu101ui-MacBookPro-88.local" time="0.464">
  <properties/>
  <testcase name="api will return persons correctly if given name" classname="com.example.demo.kotlintest.PersonControllerTest" time="0.464"/>
  <testcase name="api will return persons correctly if given id" classname="com.example.demo.kotlintest.PersonControllerTest" time="0.144"/>
  <testcase name="api will create person correctly" classname="com.example.demo.kotlintest.PersonControllerTest" time="0.066"/>
  <testcase name="api will update person correctly" classname="com.example.demo.kotlintest.PersonControllerTest" time="0.022"/>
  <system-out><![CDATA[13:46:05.686 [kotlintest-engine-0 @coroutine#1] DEBUG org.springframework.test.context.BootstrapUtils - Instantiating CacheAwareContextLoaderDelegate from class [org.springframework.test.context.cache.DefaultCacheAwareContextLoaderDelegate]
13:46:05.694 [kotlintest-engine-0 @coroutine#1] DEBUG org.springframework.test.context.BootstrapUtils - Instantiating BootstrapContext using constructor [public org.springframework.test.context.support.DefaultBootstrapContext(java.lang.Class,org.springframework.test.context.CacheAwareContextLoaderDelegate)]
13:46:05.735 [kotlintest-engine-0 @coroutine#1] DEBUG org.springframework.test.context.BootstrapUtils - Instantiating TestContextBootstrapper for test class [com.example.demo.kotlintest.PersonControllerTest] from class [org.springframework.boot.test.autoconfigure.web.servlet.WebMvcTestContextBootstrapper]
13:46:05.749 [kotlintest-engine-0 @coroutine#1] INFO org.springframework.boot.test.autoconfigure.web.servlet.WebMvcTestContextBootstrapper - Neither @ContextConfiguration nor @ContextHierarchy found for test class [com.example.demo.kotlintest.PersonControllerTest], using SpringBootContextLoader
13:46:05.752 [kotlintest-engine-0 @coroutine#1] DEBUG org.springframework.test.context.support.AbstractContextLoader - Did not detect default resource location for test class [com.example.demo.kotlintest.PersonControllerTest]: class path resource [com/example/demo/kotlintest/PersonControllerTest-context.xml] does not exist
13:46:05.752 [kotlintest-engine-0 @coroutine#1] DEBUG org.springframework.test.context.support.AbstractContextLoader - Did not detect default resource location for test class [com.example.demo.kotlintest.PersonControllerTest]: class path resource [com/example/demo/kotlintest/PersonControllerTestContext.groovy] does not exist
13:46:05.753 [kotlintest-engine-0 @coroutine#1] INFO org.springframework.test.context.support.AbstractContextLoader - Could not detect default resource locations for test class [com.example.demo.kotlintest.PersonControllerTest]: no resource found for suffixes {-context.xml, Context.groovy}.
13:46:05.753 [kotlintest-engine-0 @coroutine#1] INFO org.springframework.test.context.support.AnnotationConfigContextLoaderUtils - Could not detect default configuration classes for test class [com.example.demo.kotlintest.PersonControllerTest]: PersonControllerTest does not declare any static, non-private, non-final, nested classes annotated with @Configuration.
13:46:05.813 [kotlintest-engine-0 @coroutine#1] DEBUG org.springframework.test.context.support.ActiveProfilesUtils - Could not find an 'annotation declaring class' for annotation type [org.springframework.test.context.ActiveProfiles] and class [com.example.demo.kotlintest.PersonControllerTest]
13:46:05.886 [kotlintest-engine-0 @coroutine#1] DEBUG org.springframework.context.annotation.ClassPathScanningCandidateComponentProvider - Identified candidate component class: file [/Users/K/workspace/personal/comparison-testing-library/kotlintest-testing/build/classes/kotlin/main/com/example/demo/DemoApplication.class]
13:46:05.900 [kotlintest-engine-0 @coroutine#1] INFO org.springframework.boot.test.context.SpringBootTestContextBootstrapper - Found @SpringBootConfiguration com.example.demo.DemoApplication for test class com.example.demo.kotlintest.PersonControllerTest
13:46:05.903 [kotlintest-engine-0 @coroutine#1] DEBUG org.springframework.boot.test.autoconfigure.web.servlet.WebMvcTestContextBootstrapper - @TestExecutionListeners is not present for class [com.example.demo.kotlintest.PersonControllerTest]: using defaults.
13:46:05.903 [kotlintest-engine-0 @coroutine#1] INFO org.springframework.boot.test.autoconfigure.web.servlet.WebMvcTestContextBootstrapper - Loaded default TestExecutionListener class names from location [META-INF/spring.factories]: [com.ninjasquad.springmockk.MockkTestExecutionListener, com.ninjasquad.springmockk.ClearMocksTestExecutionListener, org.springframework.boot.test.autoconfigure.restdocs.RestDocsTestExecutionListener, org.springframework.boot.test.autoconfigure.web.client.MockRestServiceServerResetTestExecutionListener, org.springframework.boot.test.autoconfigure.web.servlet.MockMvcPrintOnlyOnFailureTestExecutionListener, org.springframework.boot.test.autoconfigure.web.servlet.WebDriverTestExecutionListener, org.springframework.boot.test.autoconfigure.webservices.client.MockWebServiceServerTestExecutionListener, org.springframework.boot.test.mock.mockito.MockitoTestExecutionListener, org.springframework.boot.test.mock.mockito.ResetMocksTestExecutionListener, org.springframework.test.context.web.ServletTestExecutionListener, org.springframework.test.context.support.DirtiesContextBeforeModesTestExecutionListener, org.springframework.test.context.support.DependencyInjectionTestExecutionListener, org.springframework.test.context.support.DirtiesContextTestExecutionListener, org.springframework.test.context.transaction.TransactionalTestExecutionListener, org.springframework.test.context.jdbc.SqlScriptsTestExecutionListener, org.springframework.test.context.event.EventPublishingTestExecutionListener]
13:46:05.922 [kotlintest-engine-0 @coroutine#1] INFO org.springframework.boot.test.autoconfigure.web.servlet.WebMvcTestContextBootstrapper - Using TestExecutionListeners: [org.springframework.test.context.web.ServletTestExecutionListener@50672ca, org.springframework.test.context.support.DirtiesContextBeforeModesTestExecutionListener@18781778, com.ninjasquad.springmockk.MockkTestExecutionListener@793ee3c8, org.springframework.boot.test.mock.mockito.MockitoTestExecutionListener@14946d7d, org.springframework.boot.test.autoconfigure.SpringBootDependencyInjectionTestExecutionListener@22b2dd07, org.springframework.test.context.support.DirtiesContextTestExecutionListener@7a29ddfe, org.springframework.test.context.transaction.TransactionalTestExecutionListener@740741d0, org.springframework.test.context.jdbc.SqlScriptsTestExecutionListener@434f25a8, org.springframework.test.context.event.EventPublishingTestExecutionListener@77219223, com.ninjasquad.springmockk.ClearMocksTestExecutionListener@43537714, org.springframework.boot.test.autoconfigure.restdocs.RestDocsTestExecutionListener@d94a76f, org.springframework.boot.test.autoconfigure.web.client.MockRestServiceServerResetTestExecutionListener@37cca110, org.springframework.boot.test.autoconfigure.web.servlet.MockMvcPrintOnlyOnFailureTestExecutionListener@4c079d40, org.springframework.boot.test.autoconfigure.web.servlet.WebDriverTestExecutionListener@14b4a803, org.springframework.boot.test.autoconfigure.webservices.client.MockWebServiceServerTestExecutionListener@3cb3da25, org.springframework.boot.test.mock.mockito.ResetMocksTestExecutionListener@6e252882]
13:46:05.927 [kotlintest-engine-0 @coroutine#1] DEBUG org.springframework.test.context.support.AbstractDirtiesContextTestExecutionListener - Before test class: context [DefaultTestContext@16b971ee testClass = PersonControllerTest, testInstance = [null], testMethod = [null], testException = [null], mergedContextConfiguration = [WebMergedContextConfiguration@5623dbcf testClass = PersonControllerTest, locations = '{}', classes = '{class com.example.demo.DemoApplication}', contextInitializerClasses = '[]', activeProfiles = '{}', propertySourceLocations = '{}', propertySourceProperties = '{org.springframework.boot.test.autoconfigure.web.servlet.WebMvcTestContextBootstrapper=true}', contextCustomizers = set[MockkContextCustomizer(definitions=[[MockkDefinition@10f3b750 name = [null], typeToMock = com.example.demo.PersonService, extraInterfaces = set[[empty]], clear = AFTER]]), org.springframework.boot.test.autoconfigure.OverrideAutoConfigurationContextCustomizerFactory$DisableAutoConfigurationContextCustomizer@7bb72eaa, org.springframework.boot.test.autoconfigure.filter.TypeExcludeFiltersContextCustomizer@8870a459, org.springframework.boot.test.autoconfigure.properties.PropertyMappingContextCustomizer@42c8fcb8, org.springframework.boot.test.autoconfigure.web.servlet.WebDriverContextCustomizerFactory$Customizer@71987270, [ImportsContextCustomizer@dfd720f key = [org.springframework.boot.autoconfigure.cache.CacheAutoConfiguration, org.springframework.boot.autoconfigure.context.MessageSourceAutoConfiguration, org.springframework.boot.autoconfigure.data.web.SpringDataWebAutoConfiguration, org.springframework.boot.autoconfigure.freemarker.FreeMarkerAutoConfiguration, org.springframework.boot.autoconfigure.groovy.template.GroovyTemplateAutoConfiguration, org.springframework.boot.autoconfigure.gson.GsonAutoConfiguration, org.springframework.boot.autoconfigure.hateoas.HypermediaAutoConfiguration, org.springframework.boot.autoconfigure.http.HttpMessageConvertersAutoConfiguration, org.springframework.boot.autoconfigure.jackson.JacksonAutoConfiguration, org.springframework.boot.autoconfigure.jsonb.JsonbAutoConfiguration, org.springframework.boot.autoconfigure.mustache.MustacheAutoConfiguration, org.springframework.boot.autoconfigure.task.TaskExecutionAutoConfiguration, org.springframework.boot.autoconfigure.thymeleaf.ThymeleafAutoConfiguration, org.springframework.boot.autoconfigure.validation.ValidationAutoConfiguration, org.springframework.boot.autoconfigure.web.servlet.error.ErrorMvcAutoConfiguration, org.springframework.boot.autoconfigure.web.servlet.WebMvcAutoConfiguration, org.springframework.boot.test.autoconfigure.web.servlet.MockMvcAutoConfiguration, org.springframework.boot.test.autoconfigure.web.servlet.MockMvcWebClientAutoConfiguration, org.springframework.boot.test.autoconfigure.web.servlet.MockMvcWebDriverAutoConfiguration, org.springframework.boot.autoconfigure.security.oauth2.client.servlet.OAuth2ClientAutoConfiguration, org.springframework.boot.autoconfigure.security.oauth2.resource.servlet.OAuth2ResourceServerAutoConfiguration, org.springframework.boot.autoconfigure.security.servlet.SecurityAutoConfiguration, org.springframework.boot.autoconfigure.security.servlet.SecurityFilterAutoConfiguration, org.springframework.boot.autoconfigure.security.servlet.UserDetailsServiceAutoConfiguration, org.springframework.boot.test.autoconfigure.web.servlet.MockMvcSecurityConfiguration]], org.springframework.boot.test.context.filter.ExcludeFilterContextCustomizer@31cf2afb, org.springframework.boot.test.json.DuplicateJsonObjectContextCustomizerFactory$DuplicateJsonObjectContextCustomizer@75856f88, org.springframework.boot.test.mock.mockito.MockitoContextCustomizer@0, org.springframework.boot.test.context.SpringBootTestArgs@1], resourceBasePath = 'src/main/webapp', contextLoader = 'org.springframework.boot.test.context.SpringBootContextLoader', parent = [null]], attributes = map[[empty]]], class annotated with @DirtiesContext [false] with mode [null].
13:46:06.079 [kotlintest-engine-0 @coroutine#1] DEBUG org.springframework.test.context.support.TestPropertySourceUtils - Adding inlined properties to environment: {spring.jmx.enabled=false, org.springframework.boot.test.autoconfigure.web.servlet.WebMvcTestContextBootstrapper=true}

  .   ____          _            __ _ _
 /\\ / ___'_ __ _ _(_)_ __  __ _ \ \ \ \
( ( )\___ | '_ | '_| | '_ \/ _` | \ \ \ \
 \\/  ___)| |_)| | | | | || (_| |  ) ) ) )
  '  |____| .__|_| |_|_| |_\__, | / / / /
 =========|_|==============|___/=/_/_/_/
 :: Spring Boot ::        (v2.3.2.RELEASE)

2020-07-29 13:46:06.381  INFO 6937 --- [-0 @coroutine#1] c.e.d.kotlintest.PersonControllerTest    : Starting PersonControllerTest on keullaeseu101ui-MacBookPro-88.local with PID 6937 (/Users/K/workspace/personal/comparison-testing-library/kotlintest-testing/build/classes/kotlin/test started by K in /Users/K/workspace/personal/comparison-testing-library/kotlintest-testing)
2020-07-29 13:46:06.383  INFO 6937 --- [-0 @coroutine#1] c.e.d.kotlintest.PersonControllerTest    : No active profile set, falling back to default profiles: default
2020-07-29 13:46:08.056  INFO 6937 --- [-0 @coroutine#1] o.s.s.concurrent.ThreadPoolTaskExecutor  : Initializing ExecutorService 'applicationTaskExecutor'
2020-07-29 13:46:08.294  INFO 6937 --- [-0 @coroutine#1] o.s.b.t.m.w.SpringBootMockServletContext : Initializing Spring TestDispatcherServlet ''
2020-07-29 13:46:08.295  INFO 6937 --- [-0 @coroutine#1] o.s.t.web.servlet.TestDispatcherServlet  : Initializing Servlet ''
2020-07-29 13:46:08.305  INFO 6937 --- [-0 @coroutine#1] o.s.t.web.servlet.TestDispatcherServlet  : Completed initialization in 10 ms
2020-07-29 13:46:08.334  INFO 6937 --- [-0 @coroutine#1] c.e.d.kotlintest.PersonControllerTest    : Started PersonControllerTest in 2.247 seconds (JVM running for 3.501)
2020-07-29 13:46:08.359  WARN 6937 --- [-1 @coroutine#1] io.kotlintest.spring.SpringListener      : Using SpringListener on a final class. If any Spring annotation fails to work, try making this class open.
2020-07-29 13:46:08.466  WARN 6937 --- [-1 @coroutine#1] io.kotlintest.spring.SpringListener      : Using SpringListener on a final class. If any Spring annotation fails to work, try making this class open.
2020-07-29 13:46:08.792  WARN 6937 --- [-1 @coroutine#1] io.kotlintest.spring.SpringListener      : Using SpringListener on a final class. If any Spring annotation fails to work, try making this class open.
2020-07-29 13:46:08.796  WARN 6937 --- [-1 @coroutine#1] io.kotlintest.spring.SpringListener      : Using SpringListener on a final class. If any Spring annotation fails to work, try making this class open.
2020-07-29 13:46:08.798  WARN 6937 --- [-1 @coroutine#1] io.kotlintest.spring.SpringListener      : Using SpringListener on a final class. If any Spring annotation fails to work, try making this class open.
2020-07-29 13:46:08.799  WARN 6937 --- [-1 @coroutine#1] io.kotlintest.spring.SpringListener      : Using SpringListener on a final class. If any Spring annotation fails to work, try making this class open.
2020-07-29 13:46:08.870  WARN 6937 --- [-1 @coroutine#1] io.kotlintest.spring.SpringListener      : Using SpringListener on a final class. If any Spring annotation fails to work, try making this class open.
2020-07-29 13:46:08.874  WARN 6937 --- [-1 @coroutine#1] io.kotlintest.spring.SpringListener      : Using SpringListener on a final class. If any Spring annotation fails to work, try making this class open.
2020-07-29 13:46:08.875  WARN 6937 --- [-1 @coroutine#1] io.kotlintest.spring.SpringListener      : Using SpringListener on a final class. If any Spring annotation fails to work, try making this class open.
2020-07-29 13:46:08.876  WARN 6937 --- [-1 @coroutine#1] io.kotlintest.spring.SpringListener      : Using SpringListener on a final class. If any Spring annotation fails to work, try making this class open.
2020-07-29 13:46:08.917  WARN 6937 --- [-1 @coroutine#1] io.kotlintest.spring.SpringListener      : Using SpringListener on a final class. If any Spring annotation fails to work, try making this class open.
2020-07-29 13:46:08.919  WARN 6937 --- [-1 @coroutine#1] io.kotlintest.spring.SpringListener      : Using SpringListener on a final class. If any Spring annotation fails to work, try making this class open.
2020-07-29 13:46:08.920  WARN 6937 --- [-1 @coroutine#1] io.kotlintest.spring.SpringListener      : Using SpringListener on a final class. If any Spring annotation fails to work, try making this class open.
2020-07-29 13:46:08.921  WARN 6937 --- [-1 @coroutine#1] io.kotlintest.spring.SpringListener      : Using SpringListener on a final class. If any Spring annotation fails to work, try making this class open.
2020-07-29 13:46:08.936  WARN 6937 --- [-1 @coroutine#1] io.kotlintest.spring.SpringListener      : Using SpringListener on a final class. If any Spring annotation fails to work, try making this class open.
2020-07-29 13:46:08.938  WARN 6937 --- [-1 @coroutine#1] io.kotlintest.spring.SpringListener      : Using SpringListener on a final class. If any Spring annotation fails to work, try making this class open.
]]></system-out>
  <system-err><![CDATA[]]></system-err>
</testsuite>
