<?xml version="1.0" encoding="UTF-8"?>
<testsuite name="com.example.demo.kotlintest.PersonServiceTest" tests="5" skipped="0" failures="0" errors="0" timestamp="2020-07-28T14:53:09" hostname="keullaeseu101ui-MacBookPro-88.local" time="0.132">
  <properties/>
  <testcase name="create will create person correctly" classname="com.example.demo.kotlintest.PersonServiceTest" time="0.131"/>
  <testcase name="update will update person correctly" classname="com.example.demo.kotlintest.PersonServiceTest" time="0.089"/>
  <testcase name="update will throw EntityNotFoundException if person is not exists" classname="com.example.demo.kotlintest.PersonServiceTest" time="0.057"/>
  <testcase name="fetchById will return person correctly" classname="com.example.demo.kotlintest.PersonServiceTest" time="0.04"/>
  <testcase name="fetchByName will return list correctly" classname="com.example.demo.kotlintest.PersonServiceTest" time="0.012"/>
  <system-out><![CDATA[2020-07-28 23:53:09.207  INFO 46799 --- [0 @coroutine#13] .b.t.c.SpringBootTestContextBootstrapper : Neither @ContextConfiguration nor @ContextHierarchy found for test class [com.example.demo.kotlintest.PersonServiceTest], using SpringBootContextLoader
2020-07-28 23:53:09.208  INFO 46799 --- [0 @coroutine#13] o.s.t.c.support.AbstractContextLoader    : Could not detect default resource locations for test class [com.example.demo.kotlintest.PersonServiceTest]: no resource found for suffixes {-context.xml, Context.groovy}.
2020-07-28 23:53:09.219  INFO 46799 --- [0 @coroutine#13] .b.t.c.SpringBootTestContextBootstrapper : Loaded default TestExecutionListener class names from location [META-INF/spring.factories]: [com.ninjasquad.springmockk.MockkTestExecutionListener, com.ninjasquad.springmockk.ClearMocksTestExecutionListener, org.springframework.boot.test.autoconfigure.restdocs.RestDocsTestExecutionListener, org.springframework.boot.test.autoconfigure.web.client.MockRestServiceServerResetTestExecutionListener, org.springframework.boot.test.autoconfigure.web.servlet.MockMvcPrintOnlyOnFailureTestExecutionListener, org.springframework.boot.test.autoconfigure.web.servlet.WebDriverTestExecutionListener, org.springframework.boot.test.autoconfigure.webservices.client.MockWebServiceServerTestExecutionListener, org.springframework.boot.test.mock.mockito.MockitoTestExecutionListener, org.springframework.boot.test.mock.mockito.ResetMocksTestExecutionListener, org.springframework.test.context.web.ServletTestExecutionListener, org.springframework.test.context.support.DirtiesContextBeforeModesTestExecutionListener, org.springframework.test.context.support.DependencyInjectionTestExecutionListener, org.springframework.test.context.support.DirtiesContextTestExecutionListener, org.springframework.test.context.transaction.TransactionalTestExecutionListener, org.springframework.test.context.jdbc.SqlScriptsTestExecutionListener, org.springframework.test.context.event.EventPublishingTestExecutionListener]
2020-07-28 23:53:09.220  INFO 46799 --- [0 @coroutine#13] .b.t.c.SpringBootTestContextBootstrapper : Using TestExecutionListeners: [org.springframework.test.context.web.ServletTestExecutionListener@436c0444, org.springframework.test.context.support.DirtiesContextBeforeModesTestExecutionListener@30650420, com.ninjasquad.springmockk.MockkTestExecutionListener@71d0bf03, org.springframework.boot.test.mock.mockito.MockitoTestExecutionListener@3d2543dd, org.springframework.boot.test.autoconfigure.SpringBootDependencyInjectionTestExecutionListener@1ec82e19, org.springframework.test.context.support.DirtiesContextTestExecutionListener@6947de4, org.springframework.test.context.transaction.TransactionalTestExecutionListener@72c8e292, org.springframework.test.context.jdbc.SqlScriptsTestExecutionListener@65e46cbd, org.springframework.test.context.event.EventPublishingTestExecutionListener@3a832efe, com.ninjasquad.springmockk.ClearMocksTestExecutionListener@1fdd0f17, org.springframework.boot.test.autoconfigure.restdocs.RestDocsTestExecutionListener@2ab4a20c, org.springframework.boot.test.autoconfigure.web.client.MockRestServiceServerResetTestExecutionListener@6cf3b263, org.springframework.boot.test.autoconfigure.web.servlet.MockMvcPrintOnlyOnFailureTestExecutionListener@4f2495dd, org.springframework.boot.test.autoconfigure.web.servlet.WebDriverTestExecutionListener@38768e99, org.springframework.boot.test.autoconfigure.webservices.client.MockWebServiceServerTestExecutionListener@37ddff59, org.springframework.boot.test.mock.mockito.ResetMocksTestExecutionListener@464c236b]

  .   ____          _            __ _ _
 /\\ / ___'_ __ _ _(_)_ __  __ _ \ \ \ \
( ( )\___ | '_ | '_| | '_ \/ _` | \ \ \ \
 \\/  ___)| |_)| | | | | || (_| |  ) ) ) )
  '  |____| .__|_| |_|_| |_\__, | / / / /
 =========|_|==============|___/=/_/_/_/
 :: Spring Boot ::        (v2.3.2.RELEASE)

2020-07-28 23:53:09.243  INFO 46799 --- [0 @coroutine#13] c.e.demo.kotlintest.PersonServiceTest    : Starting PersonServiceTest on keullaeseu101ui-MacBookPro-88.local with PID 46799 (/Users/K/workspace/personal/comparison-testing-library/kotlintest-testing/build/classes/kotlin/test started by K in /Users/K/workspace/personal/comparison-testing-library/kotlintest-testing)
2020-07-28 23:53:09.243  INFO 46799 --- [0 @coroutine#13] c.e.demo.kotlintest.PersonServiceTest    : No active profile set, falling back to default profiles: default
2020-07-28 23:53:09.349  INFO 46799 --- [0 @coroutine#13] c.e.demo.kotlintest.PersonServiceTest    : Started PersonServiceTest in 0.127 seconds (JVM running for 8.541)
]]></system-out>
  <system-err><![CDATA[]]></system-err>
</testsuite>
