<?xml version="1.0" encoding="UTF-8"?>
<testsuite name="com.example.demo.kotlintest.PersonControllerTest" tests="4" skipped="0" failures="0" errors="0" timestamp="2020-07-28T14:53:05" hostname="keullaeseu101ui-MacBookPro-88.local" time="0.653">
  <properties/>
  <testcase name="api will return persons correctly if given name" classname="com.example.demo.kotlintest.PersonControllerTest" time="0.652"/>
  <testcase name="api will return persons correctly if given id" classname="com.example.demo.kotlintest.PersonControllerTest" time="0.165"/>
  <testcase name="api will create person correctly" classname="com.example.demo.kotlintest.PersonControllerTest" time="0.081"/>
  <testcase name="api will update person correctly" classname="com.example.demo.kotlintest.PersonControllerTest" time="0.027"/>
  <system-out><![CDATA[23:53:01.889 [kotlintest-engine-0 @coroutine#1] DEBUG org.springframework.test.context.BootstrapUtils - Instantiating CacheAwareContextLoaderDelegate from class [org.springframework.test.context.cache.DefaultCacheAwareContextLoaderDelegate]
23:53:01.905 [kotlintest-engine-0 @coroutine#1] DEBUG org.springframework.test.context.BootstrapUtils - Instantiating BootstrapContext using constructor [public org.springframework.test.context.support.DefaultBootstrapContext(java.lang.Class,org.springframework.test.context.CacheAwareContextLoaderDelegate)]
23:53:01.952 [kotlintest-engine-0 @coroutine#1] DEBUG org.springframework.test.context.BootstrapUtils - Instantiating TestContextBootstrapper for test class [com.example.demo.kotlintest.PersonControllerTest] from class [org.springframework.boot.test.autoconfigure.web.servlet.WebMvcTestContextBootstrapper]
23:53:01.972 [kotlintest-engine-0 @coroutine#1] INFO org.springframework.boot.test.autoconfigure.web.servlet.WebMvcTestContextBootstrapper - Neither @ContextConfiguration nor @ContextHierarchy found for test class [com.example.demo.kotlintest.PersonControllerTest], using SpringBootContextLoader
23:53:01.975 [kotlintest-engine-0 @coroutine#1] DEBUG org.springframework.test.context.support.AbstractContextLoader - Did not detect default resource location for test class [com.example.demo.kotlintest.PersonControllerTest]: class path resource [com/example/demo/kotlintest/PersonControllerTest-context.xml] does not exist
23:53:01.976 [kotlintest-engine-0 @coroutine#1] DEBUG org.springframework.test.context.support.AbstractContextLoader - Did not detect default resource location for test class [com.example.demo.kotlintest.PersonControllerTest]: class path resource [com/example/demo/kotlintest/PersonControllerTestContext.groovy] does not exist
23:53:01.976 [kotlintest-engine-0 @coroutine#1] INFO org.springframework.test.context.support.AbstractContextLoader - Could not detect default resource locations for test class [com.example.demo.kotlintest.PersonControllerTest]: no resource found for suffixes {-context.xml, Context.groovy}.
23:53:01.977 [kotlintest-engine-0 @coroutine#1] INFO org.springframework.test.context.support.AnnotationConfigContextLoaderUtils - Could not detect default configuration classes for test class [com.example.demo.kotlintest.PersonControllerTest]: PersonControllerTest does not declare any static, non-private, non-final, nested classes annotated with @Configuration.
23:53:02.073 [kotlintest-engine-0 @coroutine#1] DEBUG org.springframework.test.context.support.ActiveProfilesUtils - Could not find an 'annotation declaring class' for annotation type [org.springframework.test.context.ActiveProfiles] and class [com.example.demo.kotlintest.PersonControllerTest]
23:53:02.169 [kotlintest-engine-0 @coroutine#1] DEBUG org.springframework.context.annotation.ClassPathScanningCandidateComponentProvider - Identified candidate component class: file [/Users/K/workspace/personal/comparison-testing-library/kotlintest-testing/build/classes/kotlin/main/com/example/demo/DemoApplication.class]
23:53:02.183 [kotlintest-engine-0 @coroutine#1] INFO org.springframework.boot.test.context.SpringBootTestContextBootstrapper - Found @SpringBootConfiguration com.example.demo.DemoApplication for test class com.example.demo.kotlintest.PersonControllerTest
23:53:02.185 [kotlintest-engine-0 @coroutine#1] DEBUG org.springframework.boot.test.autoconfigure.web.servlet.WebMvcTestContextBootstrapper - @TestExecutionListeners is not present for class [com.example.demo.kotlintest.PersonControllerTest]: using defaults.
23:53:02.186 [kotlintest-engine-0 @coroutine#1] INFO org.springframework.boot.test.autoconfigure.web.servlet.WebMvcTestContextBootstrapper - Loaded default TestExecutionListener class names from location [META-INF/spring.factories]: [com.ninjasquad.springmockk.MockkTestExecutionListener, com.ninjasquad.springmockk.ClearMocksTestExecutionListener, org.springframework.boot.test.autoconfigure.restdocs.RestDocsTestExecutionListener, org.springframework.boot.test.autoconfigure.web.client.MockRestServiceServerResetTestExecutionListener, org.springframework.boot.test.autoconfigure.web.servlet.MockMvcPrintOnlyOnFailureTestExecutionListener, org.springframework.boot.test.autoconfigure.web.servlet.WebDriverTestExecutionListener, org.springframework.boot.test.autoconfigure.webservices.client.MockWebServiceServerTestExecutionListener, org.springframework.boot.test.mock.mockito.MockitoTestExecutionListener, org.springframework.boot.test.mock.mockito.ResetMocksTestExecutionListener, org.springframework.test.context.web.ServletTestExecutionListener, org.springframework.test.context.support.DirtiesContextBeforeModesTestExecutionListener, org.springframework.test.context.support.DependencyInjectionTestExecutionListener, org.springframework.test.context.support.DirtiesContextTestExecutionListener, org.springframework.test.context.transaction.TransactionalTestExecutionListener, org.springframework.test.context.jdbc.SqlScriptsTestExecutionListener, org.springframework.test.context.event.EventPublishingTestExecutionListener]
23:53:02.209 [kotlintest-engine-0 @coroutine#1] INFO org.springframework.boot.test.autoconfigure.web.servlet.WebMvcTestContextBootstrapper - Using TestExecutionListeners: [org.springframework.test.context.web.ServletTestExecutionListener@1dac32e0, org.springframework.test.context.support.DirtiesContextBeforeModesTestExecutionListener@32dd322f, com.ninjasquad.springmockk.MockkTestExecutionListener@28cf8bae, org.springframework.boot.test.mock.mockito.MockitoTestExecutionListener@1ef96db8, org.springframework.boot.test.autoconfigure.SpringBootDependencyInjectionTestExecutionListener@62be67b5, org.springframework.test.context.support.DirtiesContextTestExecutionListener@39296d87, org.springframework.test.context.transaction.TransactionalTestExecutionListener@6def13f7, org.springframework.test.context.jdbc.SqlScriptsTestExecutionListener@38ae375f, org.springframework.test.context.event.EventPublishingTestExecutionListener@29bc7c30, com.ninjasquad.springmockk.ClearMocksTestExecutionListener@5b0b79d5, org.springframework.boot.test.autoconfigure.restdocs.RestDocsTestExecutionListener@4eeea9e8, org.springframework.boot.test.autoconfigure.web.client.MockRestServiceServerResetTestExecutionListener@7b36ba5, org.springframework.boot.test.autoconfigure.web.servlet.MockMvcPrintOnlyOnFailureTestExecutionListener@4da4da9f, org.springframework.boot.test.autoconfigure.web.servlet.WebDriverTestExecutionListener@4d61d72f, org.springframework.boot.test.autoconfigure.webservices.client.MockWebServiceServerTestExecutionListener@767b8682, org.springframework.boot.test.mock.mockito.ResetMocksTestExecutionListener@6a8925ab]
23:53:02.213 [kotlintest-engine-0 @coroutine#1] DEBUG org.springframework.test.context.support.AbstractDirtiesContextTestExecutionListener - Before test class: context [DefaultTestContext@3eabb7f0 testClass = PersonControllerTest, testInstance = [null], testMethod = [null], testException = [null], mergedContextConfiguration = [WebMergedContextConfiguration@52e6002c testClass = PersonControllerTest, locations = '{}', classes = '{class com.example.demo.DemoApplication}', contextInitializerClasses = '[]', activeProfiles = '{}', propertySourceLocations = '{}', propertySourceProperties = '{org.springframework.boot.test.autoconfigure.web.servlet.WebMvcTestContextBootstrapper=true}', contextCustomizers = set[MockkContextCustomizer(definitions=[[MockkDefinition@29ac971e name = [null], typeToMock = com.example.demo.PersonService, extraInterfaces = set[[empty]], clear = AFTER]]), org.springframework.boot.test.autoconfigure.OverrideAutoConfigurationContextCustomizerFactory$DisableAutoConfigurationContextCustomizer@352a161c, org.springframework.boot.test.autoconfigure.filter.TypeExcludeFiltersContextCustomizer@d3a2120, org.springframework.boot.test.autoconfigure.properties.PropertyMappingContextCustomizer@2c1d4c1b, org.springframework.boot.test.autoconfigure.web.servlet.WebDriverContextCustomizerFactory$Customizer@373af380, [ImportsContextCustomizer@55820958 key = [org.springframework.boot.autoconfigure.cache.CacheAutoConfiguration, org.springframework.boot.autoconfigure.context.MessageSourceAutoConfiguration, org.springframework.boot.autoconfigure.data.web.SpringDataWebAutoConfiguration, org.springframework.boot.autoconfigure.freemarker.FreeMarkerAutoConfiguration, org.springframework.boot.autoconfigure.groovy.template.GroovyTemplateAutoConfiguration, org.springframework.boot.autoconfigure.gson.GsonAutoConfiguration, org.springframework.boot.autoconfigure.hateoas.HypermediaAutoConfiguration, org.springframework.boot.autoconfigure.http.HttpMessageConvertersAutoConfiguration, org.springframework.boot.autoconfigure.jackson.JacksonAutoConfiguration, org.springframework.boot.autoconfigure.jsonb.JsonbAutoConfiguration, org.springframework.boot.autoconfigure.mustache.MustacheAutoConfiguration, org.springframework.boot.autoconfigure.task.TaskExecutionAutoConfiguration, org.springframework.boot.autoconfigure.thymeleaf.ThymeleafAutoConfiguration, org.springframework.boot.autoconfigure.validation.ValidationAutoConfiguration, org.springframework.boot.autoconfigure.web.servlet.error.ErrorMvcAutoConfiguration, org.springframework.boot.autoconfigure.web.servlet.WebMvcAutoConfiguration, org.springframework.boot.test.autoconfigure.web.servlet.MockMvcAutoConfiguration, org.springframework.boot.test.autoconfigure.web.servlet.MockMvcWebClientAutoConfiguration, org.springframework.boot.test.autoconfigure.web.servlet.MockMvcWebDriverAutoConfiguration, org.springframework.boot.autoconfigure.security.oauth2.client.servlet.OAuth2ClientAutoConfiguration, org.springframework.boot.autoconfigure.security.oauth2.resource.servlet.OAuth2ResourceServerAutoConfiguration, org.springframework.boot.autoconfigure.security.servlet.SecurityAutoConfiguration, org.springframework.boot.autoconfigure.security.servlet.SecurityFilterAutoConfiguration, org.springframework.boot.autoconfigure.security.servlet.UserDetailsServiceAutoConfiguration, org.springframework.boot.test.autoconfigure.web.servlet.MockMvcSecurityConfiguration]], org.springframework.boot.test.context.filter.ExcludeFilterContextCustomizer@525f20ae, org.springframework.boot.test.json.DuplicateJsonObjectContextCustomizerFactory$DuplicateJsonObjectContextCustomizer@530c1346, org.springframework.boot.test.mock.mockito.MockitoContextCustomizer@0, org.springframework.boot.test.context.SpringBootTestArgs@1], resourceBasePath = 'src/main/webapp', contextLoader = 'org.springframework.boot.test.context.SpringBootContextLoader', parent = [null]], attributes = map[[empty]]], class annotated with @DirtiesContext [false] with mode [null].
23:53:02.374 [kotlintest-engine-0 @coroutine#1] DEBUG org.springframework.test.context.support.TestPropertySourceUtils - Adding inlined properties to environment: {spring.jmx.enabled=false, org.springframework.boot.test.autoconfigure.web.servlet.WebMvcTestContextBootstrapper=true}

  .   ____          _            __ _ _
 /\\ / ___'_ __ _ _(_)_ __  __ _ \ \ \ \
( ( )\___ | '_ | '_| | '_ \/ _` | \ \ \ \
 \\/  ___)| |_)| | | | | || (_| |  ) ) ) )
  '  |____| .__|_| |_|_| |_\__, | / / / /
 =========|_|==============|___/=/_/_/_/
 :: Spring Boot ::        (v2.3.2.RELEASE)

2020-07-28 23:53:02.781  INFO 46799 --- [-0 @coroutine#1] c.e.d.kotlintest.PersonControllerTest    : Starting PersonControllerTest on keullaeseu101ui-MacBookPro-88.local with PID 46799 (/Users/K/workspace/personal/comparison-testing-library/kotlintest-testing/build/classes/kotlin/test started by K in /Users/K/workspace/personal/comparison-testing-library/kotlintest-testing)
2020-07-28 23:53:02.785  INFO 46799 --- [-0 @coroutine#1] c.e.d.kotlintest.PersonControllerTest    : No active profile set, falling back to default profiles: default
2020-07-28 23:53:05.246  INFO 46799 --- [-0 @coroutine#1] o.s.s.concurrent.ThreadPoolTaskExecutor  : Initializing ExecutorService 'applicationTaskExecutor'
2020-07-28 23:53:05.561  INFO 46799 --- [-0 @coroutine#1] o.s.b.t.m.w.SpringBootMockServletContext : Initializing Spring TestDispatcherServlet ''
2020-07-28 23:53:05.561  INFO 46799 --- [-0 @coroutine#1] o.s.t.web.servlet.TestDispatcherServlet  : Initializing Servlet ''
2020-07-28 23:53:05.584  INFO 46799 --- [-0 @coroutine#1] o.s.t.web.servlet.TestDispatcherServlet  : Completed initialization in 22 ms
2020-07-28 23:53:05.630  INFO 46799 --- [-0 @coroutine#1] c.e.d.kotlintest.PersonControllerTest    : Started PersonControllerTest in 3.244 seconds (JVM running for 4.822)
2020-07-28 23:53:05.673  WARN 46799 --- [-1 @coroutine#1] io.kotlintest.spring.SpringListener      : Using SpringListener on a final class. If any Spring annotation fails to work, try making this class open.
2020-07-28 23:53:05.799  WARN 46799 --- [-1 @coroutine#1] io.kotlintest.spring.SpringListener      : Using SpringListener on a final class. If any Spring annotation fails to work, try making this class open.
2020-07-28 23:53:06.298  WARN 46799 --- [-1 @coroutine#1] io.kotlintest.spring.SpringListener      : Using SpringListener on a final class. If any Spring annotation fails to work, try making this class open.
2020-07-28 23:53:06.302  WARN 46799 --- [-1 @coroutine#1] io.kotlintest.spring.SpringListener      : Using SpringListener on a final class. If any Spring annotation fails to work, try making this class open.
2020-07-28 23:53:06.304  WARN 46799 --- [-1 @coroutine#1] io.kotlintest.spring.SpringListener      : Using SpringListener on a final class. If any Spring annotation fails to work, try making this class open.
2020-07-28 23:53:06.304  WARN 46799 --- [-1 @coroutine#1] io.kotlintest.spring.SpringListener      : Using SpringListener on a final class. If any Spring annotation fails to work, try making this class open.
2020-07-28 23:53:06.380  WARN 46799 --- [-1 @coroutine#1] io.kotlintest.spring.SpringListener      : Using SpringListener on a final class. If any Spring annotation fails to work, try making this class open.
2020-07-28 23:53:06.384  WARN 46799 --- [-1 @coroutine#1] io.kotlintest.spring.SpringListener      : Using SpringListener on a final class. If any Spring annotation fails to work, try making this class open.
2020-07-28 23:53:06.386  WARN 46799 --- [-1 @coroutine#1] io.kotlintest.spring.SpringListener      : Using SpringListener on a final class. If any Spring annotation fails to work, try making this class open.
2020-07-28 23:53:06.388  WARN 46799 --- [-1 @coroutine#1] io.kotlintest.spring.SpringListener      : Using SpringListener on a final class. If any Spring annotation fails to work, try making this class open.
2020-07-28 23:53:06.437  WARN 46799 --- [-1 @coroutine#1] io.kotlintest.spring.SpringListener      : Using SpringListener on a final class. If any Spring annotation fails to work, try making this class open.
2020-07-28 23:53:06.440  WARN 46799 --- [-1 @coroutine#1] io.kotlintest.spring.SpringListener      : Using SpringListener on a final class. If any Spring annotation fails to work, try making this class open.
2020-07-28 23:53:06.441  WARN 46799 --- [-1 @coroutine#1] io.kotlintest.spring.SpringListener      : Using SpringListener on a final class. If any Spring annotation fails to work, try making this class open.
2020-07-28 23:53:06.443  WARN 46799 --- [-1 @coroutine#1] io.kotlintest.spring.SpringListener      : Using SpringListener on a final class. If any Spring annotation fails to work, try making this class open.
2020-07-28 23:53:06.459  WARN 46799 --- [-1 @coroutine#1] io.kotlintest.spring.SpringListener      : Using SpringListener on a final class. If any Spring annotation fails to work, try making this class open.
2020-07-28 23:53:06.463  WARN 46799 --- [-1 @coroutine#1] io.kotlintest.spring.SpringListener      : Using SpringListener on a final class. If any Spring annotation fails to work, try making this class open.
]]></system-out>
  <system-err><![CDATA[]]></system-err>
</testsuite>
